<?xml version="1.0" encoding="UTF-8"?>
<!-- Generated by org.testng.reporters.JUnitReportReporter -->
<testsuite hostname="DESKTOP-VALCVH9" failures="0" tests="3" name="SeleniumGridBasic.seleniumGridDemo" time="51.541" errors="0" timestamp="2024-07-21T13:48:45 IST" skipped="0">
  <testcase classname="SeleniumGridBasic.seleniumGridDemo" name="Firefox" time="12.401"/>
  <testcase classname="SeleniumGridBasic.seleniumGridDemo" name="google" time="10.636"/>
  <testcase classname="SeleniumGridBasic.seleniumGridDemo" name="edge" time="28.504"/>
</testsuite> <!-- SeleniumGridBasic.seleniumGridDemo -->
