<?xml version="1.0" encoding="UTF-8"?>
<!-- Generated by org.testng.reporters.JUnitReportReporter -->
<testsuite hostname="DESKTOP-VALCVH9" failures="0" tests="2" name="com.TestNG.demo" time="8.380" errors="0" timestamp="2024-07-15T11:21:45 IST" skipped="0">
  <testcase classname="com.TestNG.demo" name="searchchrome" time="3.568"/>
  <testcase classname="com.TestNG.demo" name="searchfirefox" time="4.812"/>
</testsuite> <!-- com.TestNG.demo -->
